<?xml version="1.0" encoding="UTF-8"?>
<!-- Generated by org.testng.reporters.JUnitXMLReporter -->
<testsuite ignored="8" hostname="DESKTOP-100B1FK" failures="1" tests="8" name="Test" time="369.126" errors="0" timestamp="2021-09-17T12:10:42 IST">
  <testcase classname="com.crm.autodesk.GenericUtility.BaseClassUtility" name="@AfterMethod logoutToApp" time="20.612">
    <failure type="org.openqa.selenium.ElementNotInteractableException" message="element not interactable
  (Session info: chrome=93.0.4577.82)
Build info: version: &amp;apos;3.141.59&amp;apos;, revision: &amp;apos;e82be7d358&amp;apos;, time: &amp;apos;2018-11-14T08:17:03&amp;apos;
System info: host: &amp;apos;DESKTOP-100B1FK&amp;apos;, ip: &amp;apos;192.168.1.100&amp;apos;, os.name: &amp;apos;Windows 10&amp;apos;, os.arch: &amp;apos;amd64&amp;apos;, os.version: &amp;apos;10.0&amp;apos;, java.version: &amp;apos;16.0.1&amp;apos;
Driver info: org.openqa.selenium.chrome.ChromeDriver
Capabilities {acceptInsecureCerts: false, browserName: chrome, browserVersion: 93.0.4577.82, chrome: {chromedriverVersion: 93.0.4577.15 (660fc11082ba5..., userDataDir: C:\Users\mypc\AppData\Local...}, goog:chromeOptions: {debuggerAddress: localhost:1046}, javascriptEnabled: true, networkConnectionEnabled: false, pageLoadStrategy: normal, platform: WINDOWS, platformName: WINDOWS, proxy: Proxy(), setWindowRect: true, strictFileInteractability: false, timeouts: {implicit: 0, pageLoad: 300000, script: 30000}, unhandledPromptBehavior: dismiss and notify, webauthn:extension:credBlob: true, webauthn:extension:largeBlob: true, webauthn:virtualAuthenticators: true}
Session ID: 8831f48f53a13d9b9cbe3592e40b47f5">
      <![CDATA[org.openqa.selenium.ElementNotInteractableException: element not interactable
  (Session info: chrome=93.0.4577.82)
Build info: version: '3.141.59', revision: 'e82be7d358', time: '2018-11-14T08:17:03'
System info: host: 'DESKTOP-100B1FK', ip: '192.168.1.100', os.name: 'Windows 10', os.arch: 'amd64', os.version: '10.0', java.version: '16.0.1'
Driver info: org.openqa.selenium.chrome.ChromeDriver
Capabilities {acceptInsecureCerts: false, browserName: chrome, browserVersion: 93.0.4577.82, chrome: {chromedriverVersion: 93.0.4577.15 (660fc11082ba5..., userDataDir: C:\Users\mypc\AppData\Local...}, goog:chromeOptions: {debuggerAddress: localhost:1046}, javascriptEnabled: true, networkConnectionEnabled: false, pageLoadStrategy: normal, platform: WINDOWS, platformName: WINDOWS, proxy: Proxy(), setWindowRect: true, strictFileInteractability: false, timeouts: {implicit: 0, pageLoad: 300000, script: 30000}, unhandledPromptBehavior: dismiss and notify, webauthn:extension:credBlob: true, webauthn:extension:largeBlob: true, webauthn:virtualAuthenticators: true}
Session ID: 8831f48f53a13d9b9cbe3592e40b47f5
at org.openqa.selenium.remote.http.W3CHttpResponseCodec.createException(W3CHttpResponseCodec.java:187)
at org.openqa.selenium.remote.http.W3CHttpResponseCodec.decode(W3CHttpResponseCodec.java:122)
at org.openqa.selenium.remote.http.W3CHttpResponseCodec.decode(W3CHttpResponseCodec.java:49)
at org.openqa.selenium.remote.HttpCommandExecutor.execute(HttpCommandExecutor.java:158)
at org.openqa.selenium.remote.service.DriverCommandExecutor.execute(DriverCommandExecutor.java:83)
at org.openqa.selenium.remote.RemoteWebDriver.execute(RemoteWebDriver.java:552)
at org.openqa.selenium.remote.RemoteWebElement.execute(RemoteWebElement.java:285)
at org.openqa.selenium.remote.RemoteWebElement.click(RemoteWebElement.java:84)
at org.openqa.selenium.support.pagefactory.internal.LocatingElementHandler.invoke(LocatingElementHandler.java:51)
at jdk.proxy2/jdk.proxy2.$Proxy16.click(Unknown Source)
at com.crm.autodesk.elementRepository.HomePage.signout(HomePage.java:63)
at com.crm.autodesk.GenericUtility.BaseClassUtility.logoutToApp(BaseClassUtility.java:90)
at java.base/java.util.ArrayList.forEach(ArrayList.java:1511)
... Removed 40 stack frames]]>
    </failure>
  </testcase> <!-- @AfterMethod logoutToApp -->
  <testcase classname="com.crm.autodesk.GenericUtility.BaseClassUtility" name="@AfterClass closeBrowser" time="-1.631860687885E9">
    <skipped/>
  </testcase> <!-- @AfterClass closeBrowser -->
  <testcase classname="com.crm.autodesk.PurchaseOrderTest.TC_01_CreatePurchaseOrderWithBillingAddress" name="createPurchaseOrderwithBA" time="32.938">
    <skipped/>
  </testcase> <!-- createPurchaseOrderwithBA -->
  <testcase classname="com.crm.autodesk.PurchaseOrderTest.TC_01_CreatePurchaseOrderWithBillingAddress" name="createPurchaseOrderwithBA" time="28.878">
    <skipped/>
  </testcase> <!-- createPurchaseOrderwithBA -->
  <testcase classname="com.crm.autodesk.PurchaseOrderTest.TC_01_CreatePurchaseOrderWithBillingAddress" name="createPurchaseOrderwithBA" time="20.531">
    <skipped/>
  </testcase> <!-- createPurchaseOrderwithBA -->
  <testcase classname="com.crm.autodesk.PurchaseOrderTest.TC_01_CreatePurchaseOrderWithBillingAddress" name="createPurchaseOrderwithBA" time="16.188">
    <failure type="java.lang.AssertionError" message="expected:&amp;lt;true&amp;gt; but was:&amp;lt;false&amp;gt;">
      <![CDATA[java.lang.AssertionError: expected:<true> but was:<false>
at org.junit.Assert.fail(Assert.java:93)
at org.junit.Assert.failNotEquals(Assert.java:647)
at org.junit.Assert.assertEquals(Assert.java:128)
at org.junit.Assert.assertEquals(Assert.java:147)
at com.crm.autodesk.PurchaseOrderTest.TC_01_CreatePurchaseOrderWithBillingAddress.createPurchaseOrderwithBA(TC_01_CreatePurchaseOrderWithBillingAddress.java:53)
at java.base/java.util.ArrayList.forEach(ArrayList.java:1511)
... Removed 27 stack frames]]>
    </failure>
  </testcase> <!-- createPurchaseOrderwithBA -->
  <testcase classname="com.crm.autodesk.PurchaseOrderTest.TC_04_CreatePurchaseOrderCopyBillingAddress" name="createPurchaseOrdercopyBA" time="19.649"/>
  <testcase classname="com.crm.autodesk.PurchaseOrderTest.TC_05_CreatePurchaseOrderCopyBothAddress" name="createPurchaseOrdercopyBothAdd" time="56.714"/>
  <testcase classname="com.crm.autodesk.PurchaseOrderTest.TC_03_CreatePurchaseOrderCopyShippingAddress" name="createPurchaseOrderwithCopySA" time="20.654"/>
  <testcase classname="com.crm.autodesk.PurchaseOrderTest.TC_02_CreatePurchaseOrderWithShippingAddress" name="createPurchaseOrderwithSA" time="16.31"/>
  <testcase classname="com.crm.autodesk.GenericUtility.BaseClassUtility" name="@AfterSuite closeDB" time="0.0">
    <ignored/>
  </testcase> <!-- @AfterSuite closeDB -->
  <testcase classname="com.crm.autodesk.GenericUtility.BaseClassUtility" name="@AfterSuite closeDB" time="0.0">
    <ignored/>
  </testcase> <!-- @AfterSuite closeDB -->
  <testcase classname="com.crm.autodesk.GenericUtility.BaseClassUtility" name="@AfterSuite closeDB" time="0.0">
    <ignored/>
  </testcase> <!-- @AfterSuite closeDB -->
  <testcase classname="com.crm.autodesk.GenericUtility.BaseClassUtility" name="@AfterSuite closeDB" time="0.0">
    <ignored/>
  </testcase> <!-- @AfterSuite closeDB -->
  <testcase classname="com.crm.autodesk.GenericUtility.BaseClassUtility" name="@BeforeSuite dbConnection" time="0.0">
    <ignored/>
  </testcase> <!-- @BeforeSuite dbConnection -->
  <testcase classname="com.crm.autodesk.GenericUtility.BaseClassUtility" name="@BeforeSuite dbConnection" time="0.0">
    <ignored/>
  </testcase> <!-- @BeforeSuite dbConnection -->
  <testcase classname="com.crm.autodesk.GenericUtility.BaseClassUtility" name="@BeforeSuite dbConnection" time="0.0">
    <ignored/>
  </testcase> <!-- @BeforeSuite dbConnection -->
  <testcase classname="com.crm.autodesk.GenericUtility.BaseClassUtility" name="@BeforeSuite dbConnection" time="0.0">
    <ignored/>
  </testcase> <!-- @BeforeSuite dbConnection -->
</testsuite> <!-- Test -->
