<!DOCTYPE html PUBLIC "-//W3C//DTD XHTML 1.1//EN" "https://www.w3.org/TR/xhtml11/DTD/xhtml11.dtd">
<html xmlns="https://www.w3.org/1999/xhtml">
<head>
<meta http-equiv="content-type" content="text/html; charset=UTF-8"/>
<title>TestNG Report</title>
<style type="text/css">table {margin-bottom:10px;border-collapse:collapse;empty-cells:show}th,td {border:1px solid #009;padding:.25em .5em}th {vertical-align:bottom}td {vertical-align:top}table a {font-weight:bold}.stripe td {background-color: #E6EBF9}.num {text-align:right}.passedodd td {background-color: #3F3}.passedeven td {background-color: #0A0}.skippedodd td {background-color: #DDD}.skippedeven td {background-color: #CCC}.failedodd td,.attn {background-color: #F33}.failedeven td,.stripe .attn {background-color: #D00}.stacktrace {white-space:pre;font-family:monospace}.totop {font-size:85%;text-align:center;border-bottom:2px solid #000}.invisible {display:none}</style>
</head>
<body>
<table>
<tr><th>Test</th><th># Passed</th><th># Skipped</th><th># Retried</th><th># Failed</th><th>Time (ms)</th><th>Included Groups</th><th>Excluded Groups</th></tr>
<tr><th colspan="8">Suite</th></tr>
<tr><td><a href="#t0">Test</a></td><td class="num">4</td><td class="num">0</td><td class="num attn">3</td><td class="num attn">1</td><td class="num">369,126</td><td></td><td></td></tr>
</table>
<table id='summary'><thead><tr><th>Class</th><th>Method</th><th>Start</th><th>Time (ms)</th></tr></thead><tbody><tr><th colspan="4">Suite</th></tr></tbody><tbody id="t0"><tr><th colspan="4">Test &#8212; failed (configuration methods)</th></tr><tr class="failedeven"><td rowspan="1">com.crm.autodesk.PurchaseOrderTest.TC_04_CreatePurchaseOrderCopyBillingAddress</td><td><a href="#m0">logoutToApp</a></td><td rowspan="1">1631860667269</td><td rowspan="1">20612</td></tr><tr><th colspan="4">Test &#8212; failed</th></tr><tr class="failedeven"><td rowspan="1">com.crm.autodesk.PurchaseOrderTest.TC_01_CreatePurchaseOrderWithBillingAddress</td><td><a href="#m1">createPurchaseOrderwithBA</a></td><td rowspan="1">1631860614610</td><td rowspan="1">16188</td></tr><tr><th colspan="4">Test &#8212; skipped (configuration methods)</th></tr><tr class="skippedeven"><td rowspan="1">com.crm.autodesk.PurchaseOrderTest.TC_04_CreatePurchaseOrderCopyBillingAddress</td><td><a href="#m2">closeBrowser</a></td><td rowspan="1">1631860687885</td><td rowspan="1">-1631860687885</td></tr><tr><th colspan="4">Test &#8212; retried</th></tr><tr class="retriedeven"><td rowspan="3">com.crm.autodesk.PurchaseOrderTest.TC_01_CreatePurchaseOrderWithBillingAddress</td><td><a href="#m3">createPurchaseOrderwithBA</a></td><td rowspan="3">1631860588614</td><td rowspan="3">20531</td></tr><tr class="retriedeven"><td><a href="#m4">createPurchaseOrderwithBA</a></td></tr><tr class="retriedeven"><td><a href="#m5">createPurchaseOrderwithBA</a></td></tr><tr><th colspan="4">Test &#8212; passed</th></tr><tr class="passedeven"><td rowspan="1">com.crm.autodesk.PurchaseOrderTest.TC_02_CreatePurchaseOrderWithShippingAddress</td><td><a href="#m6">createPurchaseOrderwithSA</a></td><td rowspan="1">1631860823093</td><td rowspan="1">16310</td></tr><tr class="passedodd"><td rowspan="1">com.crm.autodesk.PurchaseOrderTest.TC_03_CreatePurchaseOrderCopyShippingAddress</td><td><a href="#m7">createPurchaseOrderwithCopySA</a></td><td rowspan="1">1631860787891</td><td rowspan="1">20654</td></tr><tr class="passedeven"><td rowspan="1">com.crm.autodesk.PurchaseOrderTest.TC_04_CreatePurchaseOrderCopyBillingAddress</td><td><a href="#m8">createPurchaseOrdercopyBA</a></td><td rowspan="1">1631860647608</td><td rowspan="1">19649</td></tr><tr class="passedodd"><td rowspan="1">com.crm.autodesk.PurchaseOrderTest.TC_05_CreatePurchaseOrderCopyBothAddress</td><td><a href="#m9">createPurchaseOrdercopyBothAdd</a></td><td rowspan="1">1631860713856</td><td rowspan="1">56714</td></tr></tbody>
</table>
<h2>Test</h2><h3 id="m0">com.crm.autodesk.PurchaseOrderTest.TC_04_CreatePurchaseOrderCopyBillingAddress#logoutToApp</h3><table class="result"><tr><th>Exception</th></tr><tr><td><div class="stacktrace">org.openqa.selenium.ElementNotInteractableException: element not interactable
  (Session info: chrome=93.0.4577.82)
Build info: version: &apos;3.141.59&apos;, revision: &apos;e82be7d358&apos;, time: &apos;2018-11-14T08:17:03&apos;
System info: host: &apos;DESKTOP-100B1FK&apos;, ip: &apos;192.168.1.100&apos;, os.name: &apos;Windows 10&apos;, os.arch: &apos;amd64&apos;, os.version: &apos;10.0&apos;, java.version: &apos;16.0.1&apos;
Driver info: org.openqa.selenium.chrome.ChromeDriver
Capabilities {acceptInsecureCerts: false, browserName: chrome, browserVersion: 93.0.4577.82, chrome: {chromedriverVersion: 93.0.4577.15 (660fc11082ba5..., userDataDir: C:\Users\mypc\AppData\Local...}, goog:chromeOptions: {debuggerAddress: localhost:1046}, javascriptEnabled: true, networkConnectionEnabled: false, pageLoadStrategy: normal, platform: WINDOWS, platformName: WINDOWS, proxy: Proxy(), setWindowRect: true, strictFileInteractability: false, timeouts: {implicit: 0, pageLoad: 300000, script: 30000}, unhandledPromptBehavior: dismiss and notify, webauthn:extension:credBlob: true, webauthn:extension:largeBlob: true, webauthn:virtualAuthenticators: true}
Session ID: 8831f48f53a13d9b9cbe3592e40b47f5
	at org.openqa.selenium.remote.http.W3CHttpResponseCodec.createException(W3CHttpResponseCodec.java:187)
	at org.openqa.selenium.remote.http.W3CHttpResponseCodec.decode(W3CHttpResponseCodec.java:122)
	at org.openqa.selenium.remote.http.W3CHttpResponseCodec.decode(W3CHttpResponseCodec.java:49)
	at org.openqa.selenium.remote.HttpCommandExecutor.execute(HttpCommandExecutor.java:158)
	at org.openqa.selenium.remote.service.DriverCommandExecutor.execute(DriverCommandExecutor.java:83)
	at org.openqa.selenium.remote.RemoteWebDriver.execute(RemoteWebDriver.java:552)
	at org.openqa.selenium.remote.RemoteWebElement.execute(RemoteWebElement.java:285)
	at org.openqa.selenium.remote.RemoteWebElement.click(RemoteWebElement.java:84)
	at org.openqa.selenium.support.pagefactory.internal.LocatingElementHandler.invoke(LocatingElementHandler.java:51)
	at jdk.proxy2/jdk.proxy2.$Proxy16.click(Unknown Source)
	at com.crm.autodesk.elementRepository.HomePage.signout(HomePage.java:63)
	at com.crm.autodesk.GenericUtility.BaseClassUtility.logoutToApp(BaseClassUtility.java:90)
	at java.base/java.util.ArrayList.forEach(ArrayList.java:1511)
... Removed 40 stack frames</div></td></tr></table><p class="totop"><a href="#summary">back to summary</a></p>
<h3 id="m1">com.crm.autodesk.PurchaseOrderTest.TC_01_CreatePurchaseOrderWithBillingAddress#createPurchaseOrderwithBA</h3><table class="result"><tr><th>Exception</th></tr><tr><td><div class="stacktrace">java.lang.AssertionError: expected:&lt;true&gt; but was:&lt;false&gt;
	at org.junit.Assert.fail(Assert.java:93)
	at org.junit.Assert.failNotEquals(Assert.java:647)
	at org.junit.Assert.assertEquals(Assert.java:128)
	at org.junit.Assert.assertEquals(Assert.java:147)
	at com.crm.autodesk.PurchaseOrderTest.TC_01_CreatePurchaseOrderWithBillingAddress.createPurchaseOrderwithBA(TC_01_CreatePurchaseOrderWithBillingAddress.java:53)
	at java.base/java.util.ArrayList.forEach(ArrayList.java:1511)
... Removed 27 stack frames</div></td></tr></table><p class="totop"><a href="#summary">back to summary</a></p>
<h3 id="m2">com.crm.autodesk.PurchaseOrderTest.TC_04_CreatePurchaseOrderCopyBillingAddress#closeBrowser</h3><table class="result"><tr><th class="invisible"/></tr></table><p class="totop"><a href="#summary">back to summary</a></p>
<h3 id="m3">com.crm.autodesk.PurchaseOrderTest.TC_01_CreatePurchaseOrderWithBillingAddress#createPurchaseOrderwithBA</h3><table class="result"><tr><th>Exception</th></tr><tr><td><div class="stacktrace">java.lang.AssertionError: expected:&lt;true&gt; but was:&lt;false&gt;
	at org.junit.Assert.fail(Assert.java:93)
	at org.junit.Assert.failNotEquals(Assert.java:647)
	at org.junit.Assert.assertEquals(Assert.java:128)
	at org.junit.Assert.assertEquals(Assert.java:147)
	at com.crm.autodesk.PurchaseOrderTest.TC_01_CreatePurchaseOrderWithBillingAddress.createPurchaseOrderwithBA(TC_01_CreatePurchaseOrderWithBillingAddress.java:53)
	at java.base/java.util.ArrayList.forEach(ArrayList.java:1511)
... Removed 27 stack frames</div></td></tr></table><p class="totop"><a href="#summary">back to summary</a></p>
<h3 id="m4">com.crm.autodesk.PurchaseOrderTest.TC_01_CreatePurchaseOrderWithBillingAddress#createPurchaseOrderwithBA</h3><table class="result"><tr><th>Exception</th></tr><tr><td><div class="stacktrace">java.lang.AssertionError: expected:&lt;true&gt; but was:&lt;false&gt;
	at org.junit.Assert.fail(Assert.java:93)
	at org.junit.Assert.failNotEquals(Assert.java:647)
	at org.junit.Assert.assertEquals(Assert.java:128)
	at org.junit.Assert.assertEquals(Assert.java:147)
	at com.crm.autodesk.PurchaseOrderTest.TC_01_CreatePurchaseOrderWithBillingAddress.createPurchaseOrderwithBA(TC_01_CreatePurchaseOrderWithBillingAddress.java:53)
	at java.base/java.util.ArrayList.forEach(ArrayList.java:1511)
... Removed 27 stack frames</div></td></tr></table><p class="totop"><a href="#summary">back to summary</a></p>
<h3 id="m5">com.crm.autodesk.PurchaseOrderTest.TC_01_CreatePurchaseOrderWithBillingAddress#createPurchaseOrderwithBA</h3><table class="result"><tr><th>Exception</th></tr><tr><td><div class="stacktrace">java.lang.AssertionError: expected:&lt;true&gt; but was:&lt;false&gt;
	at org.junit.Assert.fail(Assert.java:93)
	at org.junit.Assert.failNotEquals(Assert.java:647)
	at org.junit.Assert.assertEquals(Assert.java:128)
	at org.junit.Assert.assertEquals(Assert.java:147)
	at com.crm.autodesk.PurchaseOrderTest.TC_01_CreatePurchaseOrderWithBillingAddress.createPurchaseOrderwithBA(TC_01_CreatePurchaseOrderWithBillingAddress.java:53)
	at java.base/java.util.ArrayList.forEach(ArrayList.java:1511)
... Removed 27 stack frames</div></td></tr></table><p class="totop"><a href="#summary">back to summary</a></p>
<h3 id="m6">com.crm.autodesk.PurchaseOrderTest.TC_02_CreatePurchaseOrderWithShippingAddress#createPurchaseOrderwithSA</h3><table class="result"><tr><th class="invisible"/></tr></table><p class="totop"><a href="#summary">back to summary</a></p>
<h3 id="m7">com.crm.autodesk.PurchaseOrderTest.TC_03_CreatePurchaseOrderCopyShippingAddress#createPurchaseOrderwithCopySA</h3><table class="result"><tr><th class="invisible"/></tr></table><p class="totop"><a href="#summary">back to summary</a></p>
<h3 id="m8">com.crm.autodesk.PurchaseOrderTest.TC_04_CreatePurchaseOrderCopyBillingAddress#createPurchaseOrdercopyBA</h3><table class="result"><tr><th class="invisible"/></tr></table><p class="totop"><a href="#summary">back to summary</a></p>
<h3 id="m9">com.crm.autodesk.PurchaseOrderTest.TC_05_CreatePurchaseOrderCopyBothAddress#createPurchaseOrdercopyBothAdd</h3><table class="result"><tr><th class="invisible"/></tr></table><p class="totop"><a href="#summary">back to summary</a></p>
</body>
</html>
