<?xml version="1.0" encoding="UTF-8"?>
<testng-results retried="3" ignored="8" total="16" passed="4" failed="1" skipped="0">
  <reporter-output>
  </reporter-output>
  <suite started-at="2021-09-17T12:04:32 IST" name="Suite" finished-at="2021-09-17T12:10:42 IST" duration-ms="369126">
    <groups>
      <group name="RegressionSuite">
        <method signature="TC_01_CreatePurchaseOrderWithBillingAddress.createPurchaseOrderwithBA()[pri:0, instance:com.crm.autodesk.PurchaseOrderTest.TC_01_CreatePurchaseOrderWithBillingAddress@a530d0a]" name="createPurchaseOrderwithBA" class="com.crm.autodesk.PurchaseOrderTest.TC_01_CreatePurchaseOrderWithBillingAddress"/>
        <method signature="TC_02_CreatePurchaseOrderWithShippingAddress.createPurchaseOrderwithSA()[pri:0, instance:com.crm.autodesk.PurchaseOrderTest.TC_02_CreatePurchaseOrderWithShippingAddress@58695725]" name="createPurchaseOrderwithSA" class="com.crm.autodesk.PurchaseOrderTest.TC_02_CreatePurchaseOrderWithShippingAddress"/>
        <method signature="TC_03_CreatePurchaseOrderCopyShippingAddress.createPurchaseOrderwithCopySA()[pri:0, instance:com.crm.autodesk.PurchaseOrderTest.TC_03_CreatePurchaseOrderCopyShippingAddress@618425b5]" name="createPurchaseOrderwithCopySA" class="com.crm.autodesk.PurchaseOrderTest.TC_03_CreatePurchaseOrderCopyShippingAddress"/>
        <method signature="TC_04_CreatePurchaseOrderCopyBillingAddress.createPurchaseOrdercopyBA()[pri:0, instance:com.crm.autodesk.PurchaseOrderTest.TC_04_CreatePurchaseOrderCopyBillingAddress@1af2d44a]" name="createPurchaseOrdercopyBA" class="com.crm.autodesk.PurchaseOrderTest.TC_04_CreatePurchaseOrderCopyBillingAddress"/>
      </group> <!-- RegressionSuite -->
      <group name="SmokeSuite">
        <method signature="TC_05_CreatePurchaseOrderCopyBothAddress.createPurchaseOrdercopyBothAdd()[pri:0, instance:com.crm.autodesk.PurchaseOrderTest.TC_05_CreatePurchaseOrderCopyBothAddress@18d87d80]" name="createPurchaseOrdercopyBothAdd" class="com.crm.autodesk.PurchaseOrderTest.TC_05_CreatePurchaseOrderCopyBothAddress"/>
      </group> <!-- SmokeSuite -->
    </groups>
    <test started-at="2021-09-17T12:04:32 IST" name="Test" finished-at="2021-09-17T12:10:42 IST" duration-ms="369126">
      <class name="com.crm.autodesk.PurchaseOrderTest.TC_01_CreatePurchaseOrderWithBillingAddress">
        <test-method is-config="true" signature="dbConnection()[pri:0, instance:com.crm.autodesk.PurchaseOrderTest.TC_01_CreatePurchaseOrderWithBillingAddress@a530d0a]" started-at="2021-09-17T12:04:32 IST" name="dbConnection" finished-at="2021-09-17T12:04:32 IST" duration-ms="12" status="PASS">
          <reporter-output>
          </reporter-output>
        </test-method> <!-- dbConnection -->
        <test-method is-config="true" signature="launchBrowser()[pri:0, instance:com.crm.autodesk.PurchaseOrderTest.TC_01_CreatePurchaseOrderWithBillingAddress@a530d0a]" started-at="2021-09-17T12:04:33 IST" name="launchBrowser" finished-at="2021-09-17T12:04:58 IST" duration-ms="24972" status="PASS">
          <reporter-output>
          </reporter-output>
        </test-method> <!-- launchBrowser -->
        <test-method is-config="true" signature="loginToApp()[pri:0, instance:com.crm.autodesk.PurchaseOrderTest.TC_01_CreatePurchaseOrderWithBillingAddress@a530d0a]" started-at="2021-09-17T12:04:58 IST" name="loginToApp" finished-at="2021-09-17T12:05:11 IST" duration-ms="13299" status="PASS">
          <reporter-output>
          </reporter-output>
        </test-method> <!-- loginToApp -->
        <test-method retried="true" signature="createPurchaseOrderwithBA()[pri:0, instance:com.crm.autodesk.PurchaseOrderTest.TC_01_CreatePurchaseOrderWithBillingAddress@a530d0a]" started-at="2021-09-17T12:05:11 IST" name="createPurchaseOrderwithBA" finished-at="2021-09-17T12:05:44 IST" duration-ms="32938" status="SKIP">
          <exception class="java.lang.AssertionError">
            <message>
              <![CDATA[expected:<true> but was:<false>]]>
            </message>
            <full-stacktrace>
              <![CDATA[java.lang.AssertionError: expected:<true> but was:<false>
at org.junit.Assert.fail(Assert.java:93)
at org.junit.Assert.failNotEquals(Assert.java:647)
at org.junit.Assert.assertEquals(Assert.java:128)
at org.junit.Assert.assertEquals(Assert.java:147)
at com.crm.autodesk.PurchaseOrderTest.TC_01_CreatePurchaseOrderWithBillingAddress.createPurchaseOrderwithBA(TC_01_CreatePurchaseOrderWithBillingAddress.java:53)
at java.base/jdk.internal.reflect.NativeMethodAccessorImpl.invoke0(Native Method)
at java.base/jdk.internal.reflect.NativeMethodAccessorImpl.invoke(NativeMethodAccessorImpl.java:78)
at java.base/jdk.internal.reflect.DelegatingMethodAccessorImpl.invoke(DelegatingMethodAccessorImpl.java:43)
at java.base/java.lang.reflect.Method.invoke(Method.java:567)
at org.testng.internal.MethodInvocationHelper.invokeMethod(MethodInvocationHelper.java:133)
at org.testng.internal.TestInvoker.invokeMethod(TestInvoker.java:598)
at org.testng.internal.TestInvoker.invokeTestMethod(TestInvoker.java:173)
at org.testng.internal.MethodRunner.runInSequence(MethodRunner.java:46)
at org.testng.internal.TestInvoker$MethodInvocationAgent.invoke(TestInvoker.java:824)
at org.testng.internal.TestInvoker.invokeTestMethods(TestInvoker.java:146)
at org.testng.internal.TestMethodWorker.invokeTestMethods(TestMethodWorker.java:146)
at org.testng.internal.TestMethodWorker.run(TestMethodWorker.java:128)
at java.base/java.util.ArrayList.forEach(ArrayList.java:1511)
at org.testng.TestRunner.privateRun(TestRunner.java:794)
at org.testng.TestRunner.run(TestRunner.java:596)
at org.testng.SuiteRunner.runTest(SuiteRunner.java:377)
at org.testng.SuiteRunner.runSequentially(SuiteRunner.java:371)
at org.testng.SuiteRunner.privateRun(SuiteRunner.java:332)
at org.testng.SuiteRunner.run(SuiteRunner.java:276)
at org.testng.SuiteRunnerWorker.runSuite(SuiteRunnerWorker.java:53)
at org.testng.SuiteRunnerWorker.run(SuiteRunnerWorker.java:96)
at org.testng.TestNG.runSuitesSequentially(TestNG.java:1212)
at org.testng.TestNG.runSuitesLocally(TestNG.java:1134)
at org.testng.TestNG.runSuites(TestNG.java:1063)
at org.testng.TestNG.run(TestNG.java:1031)
at org.testng.remote.AbstractRemoteTestNG.run(AbstractRemoteTestNG.java:115)
at org.testng.remote.RemoteTestNG.initAndRun(RemoteTestNG.java:251)
at org.testng.remote.RemoteTestNG.main(RemoteTestNG.java:77)
]]>
            </full-stacktrace>
          </exception> <!-- java.lang.AssertionError -->
          <reporter-output>
          </reporter-output>
        </test-method> <!-- createPurchaseOrderwithBA -->
        <test-method is-config="true" signature="logoutToApp()[pri:0, instance:com.crm.autodesk.PurchaseOrderTest.TC_01_CreatePurchaseOrderWithBillingAddress@a530d0a]" started-at="2021-09-17T12:05:44 IST" name="logoutToApp" finished-at="2021-09-17T12:05:48 IST" duration-ms="3199" status="PASS">
          <reporter-output>
          </reporter-output>
        </test-method> <!-- logoutToApp -->
        <test-method is-config="true" signature="loginToApp()[pri:0, instance:com.crm.autodesk.PurchaseOrderTest.TC_01_CreatePurchaseOrderWithBillingAddress@a530d0a]" started-at="2021-09-17T12:05:48 IST" name="loginToApp" finished-at="2021-09-17T12:05:52 IST" duration-ms="4380" status="PASS">
          <reporter-output>
          </reporter-output>
        </test-method> <!-- loginToApp -->
        <test-method retried="true" signature="createPurchaseOrderwithBA()[pri:0, instance:com.crm.autodesk.PurchaseOrderTest.TC_01_CreatePurchaseOrderWithBillingAddress@a530d0a]" started-at="2021-09-17T12:05:52 IST" name="createPurchaseOrderwithBA" finished-at="2021-09-17T12:06:21 IST" duration-ms="28878" status="SKIP">
          <exception class="java.lang.AssertionError">
            <message>
              <![CDATA[expected:<true> but was:<false>]]>
            </message>
            <full-stacktrace>
              <![CDATA[java.lang.AssertionError: expected:<true> but was:<false>
at org.junit.Assert.fail(Assert.java:93)
at org.junit.Assert.failNotEquals(Assert.java:647)
at org.junit.Assert.assertEquals(Assert.java:128)
at org.junit.Assert.assertEquals(Assert.java:147)
at com.crm.autodesk.PurchaseOrderTest.TC_01_CreatePurchaseOrderWithBillingAddress.createPurchaseOrderwithBA(TC_01_CreatePurchaseOrderWithBillingAddress.java:53)
at java.base/jdk.internal.reflect.NativeMethodAccessorImpl.invoke0(Native Method)
at java.base/jdk.internal.reflect.NativeMethodAccessorImpl.invoke(NativeMethodAccessorImpl.java:78)
at java.base/jdk.internal.reflect.DelegatingMethodAccessorImpl.invoke(DelegatingMethodAccessorImpl.java:43)
at java.base/java.lang.reflect.Method.invoke(Method.java:567)
at org.testng.internal.MethodInvocationHelper.invokeMethod(MethodInvocationHelper.java:133)
at org.testng.internal.TestInvoker.invokeMethod(TestInvoker.java:598)
at org.testng.internal.TestInvoker.retryFailed(TestInvoker.java:213)
at org.testng.internal.MethodRunner.runInSequence(MethodRunner.java:58)
at org.testng.internal.TestInvoker$MethodInvocationAgent.invoke(TestInvoker.java:824)
at org.testng.internal.TestInvoker.invokeTestMethods(TestInvoker.java:146)
at org.testng.internal.TestMethodWorker.invokeTestMethods(TestMethodWorker.java:146)
at org.testng.internal.TestMethodWorker.run(TestMethodWorker.java:128)
at java.base/java.util.ArrayList.forEach(ArrayList.java:1511)
at org.testng.TestRunner.privateRun(TestRunner.java:794)
at org.testng.TestRunner.run(TestRunner.java:596)
at org.testng.SuiteRunner.runTest(SuiteRunner.java:377)
at org.testng.SuiteRunner.runSequentially(SuiteRunner.java:371)
at org.testng.SuiteRunner.privateRun(SuiteRunner.java:332)
at org.testng.SuiteRunner.run(SuiteRunner.java:276)
at org.testng.SuiteRunnerWorker.runSuite(SuiteRunnerWorker.java:53)
at org.testng.SuiteRunnerWorker.run(SuiteRunnerWorker.java:96)
at org.testng.TestNG.runSuitesSequentially(TestNG.java:1212)
at org.testng.TestNG.runSuitesLocally(TestNG.java:1134)
at org.testng.TestNG.runSuites(TestNG.java:1063)
at org.testng.TestNG.run(TestNG.java:1031)
at org.testng.remote.AbstractRemoteTestNG.run(AbstractRemoteTestNG.java:115)
at org.testng.remote.RemoteTestNG.initAndRun(RemoteTestNG.java:251)
at org.testng.remote.RemoteTestNG.main(RemoteTestNG.java:77)
]]>
            </full-stacktrace>
          </exception> <!-- java.lang.AssertionError -->
          <reporter-output>
          </reporter-output>
        </test-method> <!-- createPurchaseOrderwithBA -->
        <test-method is-config="true" signature="logoutToApp()[pri:0, instance:com.crm.autodesk.PurchaseOrderTest.TC_01_CreatePurchaseOrderWithBillingAddress@a530d0a]" started-at="2021-09-17T12:06:21 IST" name="logoutToApp" finished-at="2021-09-17T12:06:24 IST" duration-ms="2960" status="PASS">
          <reporter-output>
          </reporter-output>
        </test-method> <!-- logoutToApp -->
        <test-method is-config="true" signature="loginToApp()[pri:0, instance:com.crm.autodesk.PurchaseOrderTest.TC_01_CreatePurchaseOrderWithBillingAddress@a530d0a]" started-at="2021-09-17T12:06:24 IST" name="loginToApp" finished-at="2021-09-17T12:06:28 IST" duration-ms="4298" status="PASS">
          <reporter-output>
          </reporter-output>
        </test-method> <!-- loginToApp -->
        <test-method retried="true" signature="createPurchaseOrderwithBA()[pri:0, instance:com.crm.autodesk.PurchaseOrderTest.TC_01_CreatePurchaseOrderWithBillingAddress@a530d0a]" started-at="2021-09-17T12:06:28 IST" name="createPurchaseOrderwithBA" finished-at="2021-09-17T12:06:49 IST" duration-ms="20531" status="SKIP">
          <exception class="java.lang.AssertionError">
            <message>
              <![CDATA[expected:<true> but was:<false>]]>
            </message>
            <full-stacktrace>
              <![CDATA[java.lang.AssertionError: expected:<true> but was:<false>
at org.junit.Assert.fail(Assert.java:93)
at org.junit.Assert.failNotEquals(Assert.java:647)
at org.junit.Assert.assertEquals(Assert.java:128)
at org.junit.Assert.assertEquals(Assert.java:147)
at com.crm.autodesk.PurchaseOrderTest.TC_01_CreatePurchaseOrderWithBillingAddress.createPurchaseOrderwithBA(TC_01_CreatePurchaseOrderWithBillingAddress.java:53)
at java.base/jdk.internal.reflect.NativeMethodAccessorImpl.invoke0(Native Method)
at java.base/jdk.internal.reflect.NativeMethodAccessorImpl.invoke(NativeMethodAccessorImpl.java:78)
at java.base/jdk.internal.reflect.DelegatingMethodAccessorImpl.invoke(DelegatingMethodAccessorImpl.java:43)
at java.base/java.lang.reflect.Method.invoke(Method.java:567)
at org.testng.internal.MethodInvocationHelper.invokeMethod(MethodInvocationHelper.java:133)
at org.testng.internal.TestInvoker.invokeMethod(TestInvoker.java:598)
at org.testng.internal.TestInvoker.retryFailed(TestInvoker.java:213)
at org.testng.internal.MethodRunner.runInSequence(MethodRunner.java:58)
at org.testng.internal.TestInvoker$MethodInvocationAgent.invoke(TestInvoker.java:824)
at org.testng.internal.TestInvoker.invokeTestMethods(TestInvoker.java:146)
at org.testng.internal.TestMethodWorker.invokeTestMethods(TestMethodWorker.java:146)
at org.testng.internal.TestMethodWorker.run(TestMethodWorker.java:128)
at java.base/java.util.ArrayList.forEach(ArrayList.java:1511)
at org.testng.TestRunner.privateRun(TestRunner.java:794)
at org.testng.TestRunner.run(TestRunner.java:596)
at org.testng.SuiteRunner.runTest(SuiteRunner.java:377)
at org.testng.SuiteRunner.runSequentially(SuiteRunner.java:371)
at org.testng.SuiteRunner.privateRun(SuiteRunner.java:332)
at org.testng.SuiteRunner.run(SuiteRunner.java:276)
at org.testng.SuiteRunnerWorker.runSuite(SuiteRunnerWorker.java:53)
at org.testng.SuiteRunnerWorker.run(SuiteRunnerWorker.java:96)
at org.testng.TestNG.runSuitesSequentially(TestNG.java:1212)
at org.testng.TestNG.runSuitesLocally(TestNG.java:1134)
at org.testng.TestNG.runSuites(TestNG.java:1063)
at org.testng.TestNG.run(TestNG.java:1031)
at org.testng.remote.AbstractRemoteTestNG.run(AbstractRemoteTestNG.java:115)
at org.testng.remote.RemoteTestNG.initAndRun(RemoteTestNG.java:251)
at org.testng.remote.RemoteTestNG.main(RemoteTestNG.java:77)
]]>
            </full-stacktrace>
          </exception> <!-- java.lang.AssertionError -->
          <reporter-output>
          </reporter-output>
        </test-method> <!-- createPurchaseOrderwithBA -->
        <test-method is-config="true" signature="logoutToApp()[pri:0, instance:com.crm.autodesk.PurchaseOrderTest.TC_01_CreatePurchaseOrderWithBillingAddress@a530d0a]" started-at="2021-09-17T12:06:49 IST" name="logoutToApp" finished-at="2021-09-17T12:06:51 IST" duration-ms="2034" status="PASS">
          <reporter-output>
          </reporter-output>
        </test-method> <!-- logoutToApp -->
        <test-method is-config="true" signature="loginToApp()[pri:0, instance:com.crm.autodesk.PurchaseOrderTest.TC_01_CreatePurchaseOrderWithBillingAddress@a530d0a]" started-at="2021-09-17T12:06:51 IST" name="loginToApp" finished-at="2021-09-17T12:06:54 IST" duration-ms="3426" status="PASS">
          <reporter-output>
          </reporter-output>
        </test-method> <!-- loginToApp -->
        <test-method signature="createPurchaseOrderwithBA()[pri:0, instance:com.crm.autodesk.PurchaseOrderTest.TC_01_CreatePurchaseOrderWithBillingAddress@a530d0a]" started-at="2021-09-17T12:06:54 IST" name="createPurchaseOrderwithBA" finished-at="2021-09-17T12:07:10 IST" duration-ms="16188" status="FAIL">
          <exception class="java.lang.AssertionError">
            <message>
              <![CDATA[expected:<true> but was:<false>]]>
            </message>
            <full-stacktrace>
              <![CDATA[java.lang.AssertionError: expected:<true> but was:<false>
at org.junit.Assert.fail(Assert.java:93)
at org.junit.Assert.failNotEquals(Assert.java:647)
at org.junit.Assert.assertEquals(Assert.java:128)
at org.junit.Assert.assertEquals(Assert.java:147)
at com.crm.autodesk.PurchaseOrderTest.TC_01_CreatePurchaseOrderWithBillingAddress.createPurchaseOrderwithBA(TC_01_CreatePurchaseOrderWithBillingAddress.java:53)
at java.base/jdk.internal.reflect.NativeMethodAccessorImpl.invoke0(Native Method)
at java.base/jdk.internal.reflect.NativeMethodAccessorImpl.invoke(NativeMethodAccessorImpl.java:78)
at java.base/jdk.internal.reflect.DelegatingMethodAccessorImpl.invoke(DelegatingMethodAccessorImpl.java:43)
at java.base/java.lang.reflect.Method.invoke(Method.java:567)
at org.testng.internal.MethodInvocationHelper.invokeMethod(MethodInvocationHelper.java:133)
at org.testng.internal.TestInvoker.invokeMethod(TestInvoker.java:598)
at org.testng.internal.TestInvoker.retryFailed(TestInvoker.java:213)
at org.testng.internal.MethodRunner.runInSequence(MethodRunner.java:58)
at org.testng.internal.TestInvoker$MethodInvocationAgent.invoke(TestInvoker.java:824)
at org.testng.internal.TestInvoker.invokeTestMethods(TestInvoker.java:146)
at org.testng.internal.TestMethodWorker.invokeTestMethods(TestMethodWorker.java:146)
at org.testng.internal.TestMethodWorker.run(TestMethodWorker.java:128)
at java.base/java.util.ArrayList.forEach(ArrayList.java:1511)
at org.testng.TestRunner.privateRun(TestRunner.java:794)
at org.testng.TestRunner.run(TestRunner.java:596)
at org.testng.SuiteRunner.runTest(SuiteRunner.java:377)
at org.testng.SuiteRunner.runSequentially(SuiteRunner.java:371)
at org.testng.SuiteRunner.privateRun(SuiteRunner.java:332)
at org.testng.SuiteRunner.run(SuiteRunner.java:276)
at org.testng.SuiteRunnerWorker.runSuite(SuiteRunnerWorker.java:53)
at org.testng.SuiteRunnerWorker.run(SuiteRunnerWorker.java:96)
at org.testng.TestNG.runSuitesSequentially(TestNG.java:1212)
at org.testng.TestNG.runSuitesLocally(TestNG.java:1134)
at org.testng.TestNG.runSuites(TestNG.java:1063)
at org.testng.TestNG.run(TestNG.java:1031)
at org.testng.remote.AbstractRemoteTestNG.run(AbstractRemoteTestNG.java:115)
at org.testng.remote.RemoteTestNG.initAndRun(RemoteTestNG.java:251)
at org.testng.remote.RemoteTestNG.main(RemoteTestNG.java:77)
]]>
            </full-stacktrace>
          </exception> <!-- java.lang.AssertionError -->
          <reporter-output>
          </reporter-output>
        </test-method> <!-- createPurchaseOrderwithBA -->
        <test-method is-config="true" signature="logoutToApp()[pri:0, instance:com.crm.autodesk.PurchaseOrderTest.TC_01_CreatePurchaseOrderWithBillingAddress@a530d0a]" started-at="2021-09-17T12:07:11 IST" name="logoutToApp" finished-at="2021-09-17T12:07:13 IST" duration-ms="2065" status="PASS">
          <reporter-output>
          </reporter-output>
        </test-method> <!-- logoutToApp -->
        <test-method is-config="true" signature="closeBrowser()[pri:0, instance:com.crm.autodesk.PurchaseOrderTest.TC_01_CreatePurchaseOrderWithBillingAddress@a530d0a]" started-at="2021-09-17T12:07:13 IST" name="closeBrowser" finished-at="2021-09-17T12:07:13 IST" duration-ms="468" status="PASS">
          <reporter-output>
          </reporter-output>
        </test-method> <!-- closeBrowser -->
        <test-method is-config="true" signature="closeDB()[pri:0, instance:com.crm.autodesk.PurchaseOrderTest.TC_01_CreatePurchaseOrderWithBillingAddress@a530d0a]" started-at="2021-09-17T12:10:43 IST" name="closeDB" finished-at="2021-09-17T12:10:43 IST" duration-ms="1" status="PASS">
          <reporter-output>
          </reporter-output>
        </test-method> <!-- closeDB -->
      </class> <!-- com.crm.autodesk.PurchaseOrderTest.TC_01_CreatePurchaseOrderWithBillingAddress -->
      <class name="com.crm.autodesk.PurchaseOrderTest.TC_04_CreatePurchaseOrderCopyBillingAddress">
        <test-method is-config="true" signature="launchBrowser()[pri:0, instance:com.crm.autodesk.PurchaseOrderTest.TC_04_CreatePurchaseOrderCopyBillingAddress@1af2d44a]" started-at="2021-09-17T12:07:13 IST" name="launchBrowser" finished-at="2021-09-17T12:07:21 IST" duration-ms="8204" status="PASS">
          <reporter-output>
          </reporter-output>
        </test-method> <!-- launchBrowser -->
        <test-method is-config="true" signature="loginToApp()[pri:0, instance:com.crm.autodesk.PurchaseOrderTest.TC_04_CreatePurchaseOrderCopyBillingAddress@1af2d44a]" started-at="2021-09-17T12:07:21 IST" name="loginToApp" finished-at="2021-09-17T12:07:27 IST" duration-ms="5665" status="PASS">
          <reporter-output>
          </reporter-output>
        </test-method> <!-- loginToApp -->
        <test-method signature="createPurchaseOrdercopyBA()[pri:0, instance:com.crm.autodesk.PurchaseOrderTest.TC_04_CreatePurchaseOrderCopyBillingAddress@1af2d44a]" started-at="2021-09-17T12:07:27 IST" name="createPurchaseOrdercopyBA" finished-at="2021-09-17T12:07:47 IST" duration-ms="19649" status="PASS">
          <reporter-output>
          </reporter-output>
        </test-method> <!-- createPurchaseOrdercopyBA -->
        <test-method is-config="true" signature="logoutToApp()[pri:0, instance:com.crm.autodesk.PurchaseOrderTest.TC_04_CreatePurchaseOrderCopyBillingAddress@1af2d44a]" started-at="2021-09-17T12:07:47 IST" name="logoutToApp" finished-at="2021-09-17T12:08:07 IST" duration-ms="20612" status="FAIL">
          <exception class="org.openqa.selenium.ElementNotInteractableException">
            <message>
              <![CDATA[element not interactable
  (Session info: chrome=93.0.4577.82)
Build info: version: '3.141.59', revision: 'e82be7d358', time: '2018-11-14T08:17:03'
System info: host: 'DESKTOP-100B1FK', ip: '192.168.1.100', os.name: 'Windows 10', os.arch: 'amd64', os.version: '10.0', java.version: '16.0.1'
Driver info: org.openqa.selenium.chrome.ChromeDriver
Capabilities {acceptInsecureCerts: false, browserName: chrome, browserVersion: 93.0.4577.82, chrome: {chromedriverVersion: 93.0.4577.15 (660fc11082ba5..., userDataDir: C:\Users\mypc\AppData\Local...}, goog:chromeOptions: {debuggerAddress: localhost:1046}, javascriptEnabled: true, networkConnectionEnabled: false, pageLoadStrategy: normal, platform: WINDOWS, platformName: WINDOWS, proxy: Proxy(), setWindowRect: true, strictFileInteractability: false, timeouts: {implicit: 0, pageLoad: 300000, script: 30000}, unhandledPromptBehavior: dismiss and notify, webauthn:extension:credBlob: true, webauthn:extension:largeBlob: true, webauthn:virtualAuthenticators: true}
Session ID: 8831f48f53a13d9b9cbe3592e40b47f5]]>
            </message>
            <full-stacktrace>
              <![CDATA[org.openqa.selenium.ElementNotInteractableException: element not interactable
  (Session info: chrome=93.0.4577.82)
Build info: version: '3.141.59', revision: 'e82be7d358', time: '2018-11-14T08:17:03'
System info: host: 'DESKTOP-100B1FK', ip: '192.168.1.100', os.name: 'Windows 10', os.arch: 'amd64', os.version: '10.0', java.version: '16.0.1'
Driver info: org.openqa.selenium.chrome.ChromeDriver
Capabilities {acceptInsecureCerts: false, browserName: chrome, browserVersion: 93.0.4577.82, chrome: {chromedriverVersion: 93.0.4577.15 (660fc11082ba5..., userDataDir: C:\Users\mypc\AppData\Local...}, goog:chromeOptions: {debuggerAddress: localhost:1046}, javascriptEnabled: true, networkConnectionEnabled: false, pageLoadStrategy: normal, platform: WINDOWS, platformName: WINDOWS, proxy: Proxy(), setWindowRect: true, strictFileInteractability: false, timeouts: {implicit: 0, pageLoad: 300000, script: 30000}, unhandledPromptBehavior: dismiss and notify, webauthn:extension:credBlob: true, webauthn:extension:largeBlob: true, webauthn:virtualAuthenticators: true}
Session ID: 8831f48f53a13d9b9cbe3592e40b47f5
at java.base/jdk.internal.reflect.NativeConstructorAccessorImpl.newInstance0(Native Method)
at java.base/jdk.internal.reflect.NativeConstructorAccessorImpl.newInstance(NativeConstructorAccessorImpl.java:78)
at java.base/jdk.internal.reflect.DelegatingConstructorAccessorImpl.newInstance(DelegatingConstructorAccessorImpl.java:45)
at java.base/java.lang.reflect.Constructor.newInstanceWithCaller(Constructor.java:499)
at java.base/java.lang.reflect.Constructor.newInstance(Constructor.java:480)
at org.openqa.selenium.remote.http.W3CHttpResponseCodec.createException(W3CHttpResponseCodec.java:187)
at org.openqa.selenium.remote.http.W3CHttpResponseCodec.decode(W3CHttpResponseCodec.java:122)
at org.openqa.selenium.remote.http.W3CHttpResponseCodec.decode(W3CHttpResponseCodec.java:49)
at org.openqa.selenium.remote.HttpCommandExecutor.execute(HttpCommandExecutor.java:158)
at org.openqa.selenium.remote.service.DriverCommandExecutor.execute(DriverCommandExecutor.java:83)
at org.openqa.selenium.remote.RemoteWebDriver.execute(RemoteWebDriver.java:552)
at org.openqa.selenium.remote.RemoteWebElement.execute(RemoteWebElement.java:285)
at org.openqa.selenium.remote.RemoteWebElement.click(RemoteWebElement.java:84)
at jdk.internal.reflect.GeneratedMethodAccessor1.invoke(Unknown Source)
at java.base/jdk.internal.reflect.DelegatingMethodAccessorImpl.invoke(DelegatingMethodAccessorImpl.java:43)
at java.base/java.lang.reflect.Method.invoke(Method.java:567)
at org.openqa.selenium.support.pagefactory.internal.LocatingElementHandler.invoke(LocatingElementHandler.java:51)
at jdk.proxy2/jdk.proxy2.$Proxy16.click(Unknown Source)
at com.crm.autodesk.elementRepository.HomePage.signout(HomePage.java:63)
at com.crm.autodesk.GenericUtility.BaseClassUtility.logoutToApp(BaseClassUtility.java:90)
at java.base/jdk.internal.reflect.NativeMethodAccessorImpl.invoke0(Native Method)
at java.base/jdk.internal.reflect.NativeMethodAccessorImpl.invoke(NativeMethodAccessorImpl.java:78)
at java.base/jdk.internal.reflect.DelegatingMethodAccessorImpl.invoke(DelegatingMethodAccessorImpl.java:43)
at java.base/java.lang.reflect.Method.invoke(Method.java:567)
at org.testng.internal.MethodInvocationHelper.invokeMethod(MethodInvocationHelper.java:133)
at org.testng.internal.MethodInvocationHelper.invokeMethodConsideringTimeout(MethodInvocationHelper.java:62)
at org.testng.internal.ConfigInvoker.invokeConfigurationMethod(ConfigInvoker.java:385)
at org.testng.internal.ConfigInvoker.invokeConfigurations(ConfigInvoker.java:321)
at org.testng.internal.TestInvoker.runConfigMethods(TestInvoker.java:700)
at org.testng.internal.TestInvoker.runAfterGroupsConfigurations(TestInvoker.java:676)
at org.testng.internal.TestInvoker.invokeMethod(TestInvoker.java:660)
at org.testng.internal.TestInvoker.invokeTestMethod(TestInvoker.java:173)
at org.testng.internal.MethodRunner.runInSequence(MethodRunner.java:46)
at org.testng.internal.TestInvoker$MethodInvocationAgent.invoke(TestInvoker.java:824)
at org.testng.internal.TestInvoker.invokeTestMethods(TestInvoker.java:146)
at org.testng.internal.TestMethodWorker.invokeTestMethods(TestMethodWorker.java:146)
at org.testng.internal.TestMethodWorker.run(TestMethodWorker.java:128)
at java.base/java.util.ArrayList.forEach(ArrayList.java:1511)
at org.testng.TestRunner.privateRun(TestRunner.java:794)
at org.testng.TestRunner.run(TestRunner.java:596)
at org.testng.SuiteRunner.runTest(SuiteRunner.java:377)
at org.testng.SuiteRunner.runSequentially(SuiteRunner.java:371)
at org.testng.SuiteRunner.privateRun(SuiteRunner.java:332)
at org.testng.SuiteRunner.run(SuiteRunner.java:276)
at org.testng.SuiteRunnerWorker.runSuite(SuiteRunnerWorker.java:53)
at org.testng.SuiteRunnerWorker.run(SuiteRunnerWorker.java:96)
at org.testng.TestNG.runSuitesSequentially(TestNG.java:1212)
at org.testng.TestNG.runSuitesLocally(TestNG.java:1134)
at org.testng.TestNG.runSuites(TestNG.java:1063)
at org.testng.TestNG.run(TestNG.java:1031)
at org.testng.remote.AbstractRemoteTestNG.run(AbstractRemoteTestNG.java:115)
at org.testng.remote.RemoteTestNG.initAndRun(RemoteTestNG.java:251)
at org.testng.remote.RemoteTestNG.main(RemoteTestNG.java:77)
]]>
            </full-stacktrace>
          </exception> <!-- org.openqa.selenium.ElementNotInteractableException -->
          <reporter-output>
          </reporter-output>
        </test-method> <!-- logoutToApp -->
        <test-method is-config="true" signature="closeBrowser()[pri:0, instance:com.crm.autodesk.PurchaseOrderTest.TC_04_CreatePurchaseOrderCopyBillingAddress@1af2d44a]" started-at="2021-09-17T12:08:07 IST" name="closeBrowser" finished-at="1970-01-01T05:30:00 IST" duration-ms="-1631860687885" status="SKIP">
          <reporter-output>
          </reporter-output>
        </test-method> <!-- closeBrowser -->
      </class> <!-- com.crm.autodesk.PurchaseOrderTest.TC_04_CreatePurchaseOrderCopyBillingAddress -->
      <class name="com.crm.autodesk.PurchaseOrderTest.TC_05_CreatePurchaseOrderCopyBothAddress">
        <test-method is-config="true" signature="launchBrowser()[pri:0, instance:com.crm.autodesk.PurchaseOrderTest.TC_05_CreatePurchaseOrderCopyBothAddress@18d87d80]" started-at="2021-09-17T12:08:07 IST" name="launchBrowser" finished-at="2021-09-17T12:08:24 IST" duration-ms="16108" status="PASS">
          <reporter-output>
          </reporter-output>
        </test-method> <!-- launchBrowser -->
        <test-method is-config="true" signature="loginToApp()[pri:0, instance:com.crm.autodesk.PurchaseOrderTest.TC_05_CreatePurchaseOrderCopyBothAddress@18d87d80]" started-at="2021-09-17T12:08:24 IST" name="loginToApp" finished-at="2021-09-17T12:08:33 IST" duration-ms="9855" status="PASS">
          <reporter-output>
          </reporter-output>
        </test-method> <!-- loginToApp -->
        <test-method signature="createPurchaseOrdercopyBothAdd()[pri:0, instance:com.crm.autodesk.PurchaseOrderTest.TC_05_CreatePurchaseOrderCopyBothAddress@18d87d80]" started-at="2021-09-17T12:08:33 IST" name="createPurchaseOrdercopyBothAdd" finished-at="2021-09-17T12:09:30 IST" duration-ms="56714" status="PASS">
          <reporter-output>
          </reporter-output>
        </test-method> <!-- createPurchaseOrdercopyBothAdd -->
        <test-method is-config="true" signature="logoutToApp()[pri:0, instance:com.crm.autodesk.PurchaseOrderTest.TC_05_CreatePurchaseOrderCopyBothAddress@18d87d80]" started-at="2021-09-17T12:09:30 IST" name="logoutToApp" finished-at="2021-09-17T12:09:33 IST" duration-ms="2891" status="PASS">
          <reporter-output>
          </reporter-output>
        </test-method> <!-- logoutToApp -->
        <test-method is-config="true" signature="closeBrowser()[pri:0, instance:com.crm.autodesk.PurchaseOrderTest.TC_05_CreatePurchaseOrderCopyBothAddress@18d87d80]" started-at="2021-09-17T12:09:33 IST" name="closeBrowser" finished-at="2021-09-17T12:09:34 IST" duration-ms="1059" status="PASS">
          <reporter-output>
          </reporter-output>
        </test-method> <!-- closeBrowser -->
      </class> <!-- com.crm.autodesk.PurchaseOrderTest.TC_05_CreatePurchaseOrderCopyBothAddress -->
      <class name="com.crm.autodesk.PurchaseOrderTest.TC_03_CreatePurchaseOrderCopyShippingAddress">
        <test-method is-config="true" signature="launchBrowser()[pri:0, instance:com.crm.autodesk.PurchaseOrderTest.TC_03_CreatePurchaseOrderCopyShippingAddress@618425b5]" started-at="2021-09-17T12:09:34 IST" name="launchBrowser" finished-at="2021-09-17T12:09:42 IST" duration-ms="8060" status="PASS">
          <reporter-output>
          </reporter-output>
        </test-method> <!-- launchBrowser -->
        <test-method is-config="true" signature="loginToApp()[pri:0, instance:com.crm.autodesk.PurchaseOrderTest.TC_03_CreatePurchaseOrderCopyShippingAddress@618425b5]" started-at="2021-09-17T12:09:42 IST" name="loginToApp" finished-at="2021-09-17T12:09:47 IST" duration-ms="5309" status="PASS">
          <reporter-output>
          </reporter-output>
        </test-method> <!-- loginToApp -->
        <test-method signature="createPurchaseOrderwithCopySA()[pri:0, instance:com.crm.autodesk.PurchaseOrderTest.TC_03_CreatePurchaseOrderCopyShippingAddress@618425b5]" started-at="2021-09-17T12:09:47 IST" name="createPurchaseOrderwithCopySA" finished-at="2021-09-17T12:10:08 IST" duration-ms="20654" status="PASS">
          <reporter-output>
          </reporter-output>
        </test-method> <!-- createPurchaseOrderwithCopySA -->
        <test-method is-config="true" signature="logoutToApp()[pri:0, instance:com.crm.autodesk.PurchaseOrderTest.TC_03_CreatePurchaseOrderCopyShippingAddress@618425b5]" started-at="2021-09-17T12:10:08 IST" name="logoutToApp" finished-at="2021-09-17T12:10:10 IST" duration-ms="2364" status="PASS">
          <reporter-output>
          </reporter-output>
        </test-method> <!-- logoutToApp -->
        <test-method is-config="true" signature="closeBrowser()[pri:0, instance:com.crm.autodesk.PurchaseOrderTest.TC_03_CreatePurchaseOrderCopyShippingAddress@618425b5]" started-at="2021-09-17T12:10:10 IST" name="closeBrowser" finished-at="2021-09-17T12:10:11 IST" duration-ms="387" status="PASS">
          <reporter-output>
          </reporter-output>
        </test-method> <!-- closeBrowser -->
      </class> <!-- com.crm.autodesk.PurchaseOrderTest.TC_03_CreatePurchaseOrderCopyShippingAddress -->
      <class name="com.crm.autodesk.PurchaseOrderTest.TC_02_CreatePurchaseOrderWithShippingAddress">
        <test-method is-config="true" signature="launchBrowser()[pri:0, instance:com.crm.autodesk.PurchaseOrderTest.TC_02_CreatePurchaseOrderWithShippingAddress@58695725]" started-at="2021-09-17T12:10:11 IST" name="launchBrowser" finished-at="2021-09-17T12:10:17 IST" duration-ms="6407" status="PASS">
          <reporter-output>
          </reporter-output>
        </test-method> <!-- launchBrowser -->
        <test-method is-config="true" signature="loginToApp()[pri:0, instance:com.crm.autodesk.PurchaseOrderTest.TC_02_CreatePurchaseOrderWithShippingAddress@58695725]" started-at="2021-09-17T12:10:17 IST" name="loginToApp" finished-at="2021-09-17T12:10:23 IST" duration-ms="5385" status="PASS">
          <reporter-output>
          </reporter-output>
        </test-method> <!-- loginToApp -->
        <test-method signature="createPurchaseOrderwithSA()[pri:0, instance:com.crm.autodesk.PurchaseOrderTest.TC_02_CreatePurchaseOrderWithShippingAddress@58695725]" started-at="2021-09-17T12:10:23 IST" name="createPurchaseOrderwithSA" finished-at="2021-09-17T12:10:39 IST" duration-ms="16310" status="PASS">
          <reporter-output>
          </reporter-output>
        </test-method> <!-- createPurchaseOrderwithSA -->
        <test-method is-config="true" signature="logoutToApp()[pri:0, instance:com.crm.autodesk.PurchaseOrderTest.TC_02_CreatePurchaseOrderWithShippingAddress@58695725]" started-at="2021-09-17T12:10:39 IST" name="logoutToApp" finished-at="2021-09-17T12:10:41 IST" duration-ms="2500" status="PASS">
          <reporter-output>
          </reporter-output>
        </test-method> <!-- logoutToApp -->
        <test-method is-config="true" signature="closeBrowser()[pri:0, instance:com.crm.autodesk.PurchaseOrderTest.TC_02_CreatePurchaseOrderWithShippingAddress@58695725]" started-at="2021-09-17T12:10:41 IST" name="closeBrowser" finished-at="2021-09-17T12:10:42 IST" duration-ms="204" status="PASS">
          <reporter-output>
          </reporter-output>
        </test-method> <!-- closeBrowser -->
      </class> <!-- com.crm.autodesk.PurchaseOrderTest.TC_02_CreatePurchaseOrderWithShippingAddress -->
    </test> <!-- Test -->
  </suite> <!-- Suite -->
</testng-results>
